orange thread ends.
apple thread ends.
0 : 252134
orange thread ends.
apple thread ends.
1 : 251845
orange thread ends.
apple thread ends.
2 : 253529
orange thread ends.
apple thread ends.
3 : 253048
orange thread ends.
apple thread ends.
4 : 261094
orange thread ends.
apple thread ends.
5 : 262930
orange thread ends.
apple thread ends.
6 : 253381
orange thread ends.
apple thread ends.
7 : 252537
orange thread ends.
apple thread ends.
8 : 252630
orange thread ends.
apple thread ends.
9 : 252614
orange thread ends.
apple thread ends.
10 : 252735
orange thread ends.
apple thread ends.
11 : 251905
orange thread ends.
apple thread ends.
12 : 251755
orange thread ends.
apple thread ends.
13 : 252124
orange thread ends.
apple thread ends.
14 : 253921
orange thread ends.
apple thread ends.
15 : 252775
orange thread ends.
apple thread ends.
16 : 250638
orange thread ends.
apple thread ends.
17 : 253374
orange thread ends.
apple thread ends.
18 : 252977
orange thread ends.
apple thread ends.
19 : 252463
orange thread ends.
apple thread ends.
20 : 252581
orange thread ends.
apple thread ends.
21 : 251992
orange thread ends.
apple thread ends.
22 : 253945
orange thread ends.
apple thread ends.
23 : 252805
orange thread ends.
apple thread ends.
24 : 251666
orange thread ends.
apple thread ends.
25 : 251363
orange thread ends.
apple thread ends.
26 : 254320
orange thread ends.
apple thread ends.
27 : 251923
orange thread ends.
apple thread ends.
28 : 251920
orange thread ends.
apple thread ends.
29 : 252502
orange thread ends.
apple thread ends.
30 : 252272
orange thread ends.
apple thread ends.
31 : 255506
orange thread ends.
apple thread ends.
32 : 251841
orange thread ends.
apple thread ends.
33 : 252514
orange thread ends.
apple thread ends.
34 : 253667
orange thread ends.
apple thread ends.
35 : 252375
orange thread ends.
apple thread ends.
36 : 251841
orange thread ends.
apple thread ends.
37 : 250513
orange thread ends.
apple thread ends.
38 : 254822
orange thread ends.
apple thread ends.
39 : 252824
orange thread ends.
apple thread ends.
40 : 252628
orange thread ends.
apple thread ends.
41 : 253343
orange thread ends.
apple thread ends.
42 : 254412
orange thread ends.
apple thread ends.
43 : 252283
orange thread ends.
apple thread ends.
44 : 252981
orange thread ends.
apple thread ends.
45 : 251928
orange thread ends.
apple thread ends.
46 : 253024
orange thread ends.
apple thread ends.
47 : 252388
orange thread ends.
apple thread ends.
48 : 252643
orange thread ends.
apple thread ends.
49 : 251836
orange thread ends.
apple thread ends.
50 : 252726
orange thread ends.
apple thread ends.
51 : 251963
orange thread ends.
apple thread ends.
52 : 252385
orange thread ends.
apple thread ends.
53 : 252115
orange thread ends.
apple thread ends.
54 : 254058
orange thread ends.
apple thread ends.
55 : 252588
orange thread ends.
apple thread ends.
56 : 252620
orange thread ends.
apple thread ends.
57 : 252132
orange thread ends.
apple thread ends.
58 : 257126
orange thread ends.
apple thread ends.
59 : 251721
orange thread ends.
apple thread ends.
60 : 252505
orange thread ends.
apple thread ends.
61 : 251995
orange thread ends.
apple thread ends.
62 : 252086
orange thread ends.
apple thread ends.
63 : 252169
orange thread ends.
apple thread ends.
64 : 253343
orange thread ends.
apple thread ends.
65 : 250450
orange thread ends.
apple thread ends.
66 : 252100
orange thread ends.
apple thread ends.
67 : 251701
orange thread ends.
apple thread ends.
68 : 251901
orange thread ends.
apple thread ends.
69 : 251535
orange thread ends.
apple thread ends.
70 : 252368
orange thread ends.
apple thread ends.
71 : 252384
orange thread ends.
apple thread ends.
72 : 253103
orange thread ends.
apple thread ends.
73 : 253320
orange thread ends.
apple thread ends.
74 : 251434
orange thread ends.
apple thread ends.
75 : 252119
orange thread ends.
apple thread ends.
76 : 251921
orange thread ends.
apple thread ends.
77 : 253565
orange thread ends.
apple thread ends.
78 : 252327
orange thread ends.
apple thread ends.
79 : 253018
orange thread ends.
apple thread ends.
80 : 252691
orange thread ends.
apple thread ends.
81 : 251638
orange thread ends.
apple thread ends.
82 : 252258
orange thread ends.
apple thread ends.
83 : 251637
orange thread ends.
apple thread ends.
84 : 252210
orange thread ends.
apple thread ends.
85 : 252320
orange thread ends.
apple thread ends.
86 : 256196
orange thread ends.
apple thread ends.
87 : 251483
orange thread ends.
apple thread ends.
88 : 252214
orange thread ends.
apple thread ends.
89 : 252886
orange thread ends.
apple thread ends.
90 : 252615
orange thread ends.
apple thread ends.
91 : 252550
orange thread ends.
apple thread ends.
92 : 253416
orange thread ends.
apple thread ends.
93 : 251775
orange thread ends.
apple thread ends.
94 : 253418
orange thread ends.
apple thread ends.
95 : 252156
orange thread ends.
apple thread ends.
96 : 252383
orange thread ends.
apple thread ends.
97 : 252465
orange thread ends.
apple thread ends.
98 : 252408
orange thread ends.
apple thread ends.
99 : 252046
orange thread ends.
apple thread ends.
100 : 252517
orange thread ends.
apple thread ends.
101 : 252155
orange thread ends.
apple thread ends.
102 : 252899
orange thread ends.
apple thread ends.
103 : 252880
orange thread ends.
apple thread ends.
104 : 252150
orange thread ends.
apple thread ends.
105 : 252172
orange thread ends.
apple thread ends.
106 : 252123
orange thread ends.
apple thread ends.
107 : 252713
orange thread ends.
apple thread ends.
108 : 252074
orange thread ends.
apple thread ends.
109 : 252259
orange thread ends.
apple thread ends.
110 : 253587
orange thread ends.
apple thread ends.
111 : 252695
orange thread ends.
apple thread ends.
112 : 251250
orange thread ends.
apple thread ends.
113 : 252288
orange thread ends.
apple thread ends.
114 : 253004
orange thread ends.
apple thread ends.
115 : 252234
orange thread ends.
apple thread ends.
116 : 252476
orange thread ends.
apple thread ends.
117 : 252136
orange thread ends.
apple thread ends.
118 : 256002
orange thread ends.
apple thread ends.
119 : 252363
orange thread ends.
apple thread ends.
120 : 252006
orange thread ends.
apple thread ends.
121 : 252300
orange thread ends.
apple thread ends.
122 : 252476
orange thread ends.
apple thread ends.
123 : 252895
orange thread ends.
apple thread ends.
124 : 251404
orange thread ends.
apple thread ends.
125 : 252875
orange thread ends.
apple thread ends.
126 : 254231
orange thread ends.
apple thread ends.
127 : 251886
orange thread ends.
apple thread ends.
128 : 253182
orange thread ends.
apple thread ends.
129 : 251773
orange thread ends.
apple thread ends.
130 : 251999
orange thread ends.
apple thread ends.
131 : 251823
orange thread ends.
apple thread ends.
132 : 251988
orange thread ends.
apple thread ends.
133 : 251175
orange thread ends.
apple thread ends.
134 : 253055
orange thread ends.
apple thread ends.
135 : 253439
orange thread ends.
apple thread ends.
136 : 251937
orange thread ends.
apple thread ends.
137 : 251322
orange thread ends.
apple thread ends.
138 : 253857
orange thread ends.
apple thread ends.
139 : 252334
orange thread ends.
apple thread ends.
140 : 251841
orange thread ends.
apple thread ends.
141 : 251854
orange thread ends.
apple thread ends.
142 : 252360
orange thread ends.
apple thread ends.
143 : 252542
orange thread ends.
apple thread ends.
144 : 253584
orange thread ends.
apple thread ends.
145 : 252211
orange thread ends.
apple thread ends.
146 : 252382
orange thread ends.
apple thread ends.
147 : 251655
orange thread ends.
apple thread ends.
148 : 251271
orange thread ends.
apple thread ends.
149 : 252501
orange thread ends.
apple thread ends.
150 : 251355
orange thread ends.
apple thread ends.
151 : 251001
orange thread ends.
apple thread ends.
152 : 251487
orange thread ends.
apple thread ends.
153 : 252018
orange thread ends.
apple thread ends.
154 : 251946
orange thread ends.
apple thread ends.
155 : 251868
orange thread ends.
apple thread ends.
156 : 252300
orange thread ends.
apple thread ends.
157 : 252529
orange thread ends.
apple thread ends.
158 : 250845
orange thread ends.
apple thread ends.
159 : 252243
orange thread ends.
apple thread ends.
160 : 252167
orange thread ends.
apple thread ends.
161 : 253725
orange thread ends.
apple thread ends.
162 : 251405
orange thread ends.
apple thread ends.
163 : 251979
orange thread ends.
apple thread ends.
164 : 252116
orange thread ends.
apple thread ends.
165 : 252318
orange thread ends.
apple thread ends.
166 : 252029
orange thread ends.
apple thread ends.
167 : 252309
orange thread ends.
apple thread ends.
168 : 253059
orange thread ends.
apple thread ends.
169 : 251939
orange thread ends.
apple thread ends.
170 : 252666
orange thread ends.
apple thread ends.
171 : 252749
orange thread ends.
apple thread ends.
172 : 252910
orange thread ends.
apple thread ends.
173 : 252118
orange thread ends.
apple thread ends.
174 : 252147
orange thread ends.
apple thread ends.
175 : 251919
orange thread ends.
apple thread ends.
176 : 253076
orange thread ends.
apple thread ends.
177 : 251714
orange thread ends.
apple thread ends.
178 : 252810
orange thread ends.
apple thread ends.
179 : 252193
orange thread ends.
apple thread ends.
180 : 251870
orange thread ends.
apple thread ends.
181 : 252117
orange thread ends.
apple thread ends.
182 : 253129
orange thread ends.
apple thread ends.
183 : 252899
orange thread ends.
apple thread ends.
184 : 252229
orange thread ends.
apple thread ends.
185 : 251676
orange thread ends.
apple thread ends.
186 : 252112
orange thread ends.
apple thread ends.
187 : 252566
orange thread ends.
apple thread ends.
188 : 251473
orange thread ends.
apple thread ends.
189 : 250962
orange thread ends.
apple thread ends.
190 : 252119
orange thread ends.
apple thread ends.
191 : 251031
orange thread ends.
apple thread ends.
192 : 252309
orange thread ends.
apple thread ends.
193 : 253021
orange thread ends.
apple thread ends.
194 : 252580
orange thread ends.
apple thread ends.
195 : 252421
orange thread ends.
apple thread ends.
196 : 252085
orange thread ends.
apple thread ends.
197 : 251870
orange thread ends.
apple thread ends.
198 : 253571
orange thread ends.
apple thread ends.
199 : 252603
250450,250513,250638,250845,250962,251001,251031,251175,251250,251271
success
