orange thread ends.
apple a thread ends.
apple b thread ends.
0 : 408680
orange thread ends.
apple a thread ends.
apple b thread ends.
1 : 406141
orange thread ends.
apple a thread ends.
apple b thread ends.
2 : 421502
orange thread ends.
apple a thread ends.
apple b thread ends.
3 : 424774
orange thread ends.
apple a thread ends.
apple b thread ends.
4 : 406161
orange thread ends.
apple a thread ends.
apple b thread ends.
5 : 406799
orange thread ends.
apple a thread ends.
apple b thread ends.
6 : 407483
orange thread ends.
apple a thread ends.
apple b thread ends.
7 : 405501
orange thread ends.
apple a thread ends.
apple b thread ends.
8 : 408561
orange thread ends.
apple a thread ends.
apple b thread ends.
9 : 405675
orange thread ends.
apple a thread ends.
apple b thread ends.
10 : 406696
orange thread ends.
apple a thread ends.
apple b thread ends.
11 : 405937
orange thread ends.
apple a thread ends.
apple b thread ends.
12 : 407800
orange thread ends.
apple a thread ends.
apple b thread ends.
13 : 406804
orange thread ends.
apple a thread ends.
apple b thread ends.
14 : 406229
orange thread ends.
apple a thread ends.
apple b thread ends.
15 : 406087
orange thread ends.
apple a thread ends.
apple b thread ends.
16 : 408152
orange thread ends.
apple a thread ends.
apple b thread ends.
17 : 407010
orange thread ends.
apple a thread ends.
apple b thread ends.
18 : 406361
orange thread ends.
apple a thread ends.
apple b thread ends.
19 : 406249
orange thread ends.
apple a thread ends.
apple b thread ends.
20 : 406962
orange thread ends.
apple a thread ends.
apple b thread ends.
21 : 407682
orange thread ends.
apple a thread ends.
apple b thread ends.
22 : 408829
orange thread ends.
apple a thread ends.
apple b thread ends.
23 : 405996
orange thread ends.
apple a thread ends.
apple b thread ends.
24 : 408220
orange thread ends.
apple a thread ends.
apple b thread ends.
25 : 406284
orange thread ends.
apple a thread ends.
apple b thread ends.
26 : 405463
orange thread ends.
apple a thread ends.
apple b thread ends.
27 : 406900
orange thread ends.
apple a thread ends.
apple b thread ends.
28 : 406879
orange thread ends.
apple a thread ends.
apple b thread ends.
29 : 406098
orange thread ends.
apple a thread ends.
apple b thread ends.
30 : 406137
orange thread ends.
apple a thread ends.
apple b thread ends.
31 : 407281
orange thread ends.
apple a thread ends.
apple b thread ends.
32 : 408148
orange thread ends.
apple a thread ends.
apple b thread ends.
33 : 408700
orange thread ends.
apple a thread ends.
apple b thread ends.
34 : 408228
orange thread ends.
apple a thread ends.
apple b thread ends.
35 : 406207
orange thread ends.
apple a thread ends.
apple b thread ends.
36 : 406502
orange thread ends.
apple a thread ends.
apple b thread ends.
37 : 406070
orange thread ends.
apple a thread ends.
apple b thread ends.
38 : 407648
orange thread ends.
apple a thread ends.
apple b thread ends.
39 : 405008
orange thread ends.
apple a thread ends.
apple b thread ends.
40 : 407100
orange thread ends.
apple a thread ends.
apple b thread ends.
41 : 410170
orange thread ends.
apple a thread ends.
apple b thread ends.
42 : 409426
orange thread ends.
apple a thread ends.
apple b thread ends.
43 : 406645
orange thread ends.
apple a thread ends.
apple b thread ends.
44 : 410545
orange thread ends.
apple a thread ends.
apple b thread ends.
45 : 408399
orange thread ends.
apple a thread ends.
apple b thread ends.
46 : 409579
orange thread ends.
apple a thread ends.
apple b thread ends.
47 : 408658
orange thread ends.
apple a thread ends.
apple b thread ends.
48 : 408013
orange thread ends.
apple a thread ends.
apple b thread ends.
49 : 408772
orange thread ends.
apple a thread ends.
apple b thread ends.
50 : 407331
orange thread ends.
apple a thread ends.
apple b thread ends.
51 : 408011
orange thread ends.
apple a thread ends.
apple b thread ends.
52 : 409039
orange thread ends.
apple a thread ends.
apple b thread ends.
53 : 411062
orange thread ends.
apple a thread ends.
apple b thread ends.
54 : 407224
orange thread ends.
apple a thread ends.
apple b thread ends.
55 : 405940
orange thread ends.
apple a thread ends.
apple b thread ends.
56 : 409382
orange thread ends.
apple a thread ends.
apple b thread ends.
57 : 407409
orange thread ends.
apple a thread ends.
apple b thread ends.
58 : 407479
orange thread ends.
apple a thread ends.
apple b thread ends.
59 : 406327
orange thread ends.
apple a thread ends.
apple b thread ends.
60 : 407973
orange thread ends.
apple a thread ends.
apple b thread ends.
61 : 405917
orange thread ends.
apple a thread ends.
apple b thread ends.
62 : 408141
orange thread ends.
apple a thread ends.
apple b thread ends.
63 : 405754
orange thread ends.
apple a thread ends.
apple b thread ends.
64 : 407102
orange thread ends.
apple a thread ends.
apple b thread ends.
65 : 408487
orange thread ends.
apple a thread ends.
apple b thread ends.
66 : 408143
orange thread ends.
apple a thread ends.
apple b thread ends.
67 : 406440
orange thread ends.
apple a thread ends.
apple b thread ends.
68 : 409557
orange thread ends.
apple a thread ends.
apple b thread ends.
69 : 407014
orange thread ends.
apple a thread ends.
apple b thread ends.
70 : 407021
orange thread ends.
apple a thread ends.
apple b thread ends.
71 : 406831
orange thread ends.
apple a thread ends.
apple b thread ends.
72 : 408025
orange thread ends.
apple a thread ends.
apple b thread ends.
73 : 406552
orange thread ends.
apple a thread ends.
apple b thread ends.
74 : 407018
orange thread ends.
apple a thread ends.
apple b thread ends.
75 : 405879
orange thread ends.
apple a thread ends.
apple b thread ends.
76 : 408205
orange thread ends.
apple a thread ends.
apple b thread ends.
77 : 407772
orange thread ends.
apple a thread ends.
apple b thread ends.
78 : 406548
orange thread ends.
apple a thread ends.
apple b thread ends.
79 : 406734
orange thread ends.
apple a thread ends.
apple b thread ends.
80 : 406566
orange thread ends.
apple a thread ends.
apple b thread ends.
81 : 406349
orange thread ends.
apple a thread ends.
apple b thread ends.
82 : 407250
orange thread ends.
apple a thread ends.
apple b thread ends.
83 : 405911
orange thread ends.
apple a thread ends.
apple b thread ends.
84 : 407471
orange thread ends.
apple a thread ends.
apple b thread ends.
85 : 405554
orange thread ends.
apple a thread ends.
apple b thread ends.
86 : 406396
orange thread ends.
apple a thread ends.
apple b thread ends.
87 : 410085
orange thread ends.
apple a thread ends.
apple b thread ends.
88 : 405725
orange thread ends.
apple a thread ends.
apple b thread ends.
89 : 407502
orange thread ends.
apple a thread ends.
apple b thread ends.
90 : 405474
orange thread ends.
apple a thread ends.
apple b thread ends.
91 : 407793
orange thread ends.
apple a thread ends.
apple b thread ends.
92 : 406040
orange thread ends.
apple a thread ends.
apple b thread ends.
93 : 407837
orange thread ends.
apple a thread ends.
apple b thread ends.
94 : 408941
orange thread ends.
apple a thread ends.
apple b thread ends.
95 : 408724
orange thread ends.
apple a thread ends.
apple b thread ends.
96 : 406325
orange thread ends.
apple a thread ends.
apple b thread ends.
97 : 406161
orange thread ends.
apple a thread ends.
apple b thread ends.
98 : 407080
orange thread ends.
apple a thread ends.
apple b thread ends.
99 : 405800
orange thread ends.
apple a thread ends.
apple b thread ends.
100 : 407729
orange thread ends.
apple a thread ends.
apple b thread ends.
101 : 407538
orange thread ends.
apple a thread ends.
apple b thread ends.
102 : 408101
orange thread ends.
apple a thread ends.
apple b thread ends.
103 : 405352
orange thread ends.
apple a thread ends.
apple b thread ends.
104 : 406784
orange thread ends.
apple a thread ends.
apple b thread ends.
105 : 407066
orange thread ends.
apple a thread ends.
apple b thread ends.
106 : 407803
orange thread ends.
apple a thread ends.
apple b thread ends.
107 : 405584
orange thread ends.
apple a thread ends.
apple b thread ends.
108 : 407678
orange thread ends.
apple a thread ends.
apple b thread ends.
109 : 406033
orange thread ends.
apple b thread ends.
apple a thread ends.
110 : 407581
orange thread ends.
apple a thread ends.
apple b thread ends.
111 : 409431
orange thread ends.
apple a thread ends.
apple b thread ends.
112 : 407582
orange thread ends.
apple a thread ends.
apple b thread ends.
113 : 407850
orange thread ends.
apple a thread ends.
apple b thread ends.
114 : 409927
orange thread ends.
apple a thread ends.
apple b thread ends.
115 : 408134
orange thread ends.
apple a thread ends.
apple b thread ends.
116 : 407582
orange thread ends.
apple a thread ends.
apple b thread ends.
117 : 407881
orange thread ends.
apple a thread ends.
apple b thread ends.
118 : 406082
orange thread ends.
apple a thread ends.
apple b thread ends.
119 : 410265
orange thread ends.
apple a thread ends.
apple b thread ends.
120 : 406962
orange thread ends.
apple a thread ends.
apple b thread ends.
121 : 407070
orange thread ends.
apple a thread ends.
apple b thread ends.
122 : 407133
orange thread ends.
apple a thread ends.
apple b thread ends.
123 : 407221
orange thread ends.
apple a thread ends.
apple b thread ends.
124 : 406812
orange thread ends.
apple a thread ends.
apple b thread ends.
125 : 405180
orange thread ends.
apple a thread ends.
apple b thread ends.
126 : 408114
orange thread ends.
apple a thread ends.
apple b thread ends.
127 : 407342
orange thread ends.
apple a thread ends.
apple b thread ends.
128 : 407079
orange thread ends.
apple a thread ends.
apple b thread ends.
129 : 406810
orange thread ends.
apple a thread ends.
apple b thread ends.
130 : 406879
orange thread ends.
apple a thread ends.
apple b thread ends.
131 : 405870
orange thread ends.
apple a thread ends.
apple b thread ends.
132 : 406429
orange thread ends.
apple a thread ends.
apple b thread ends.
133 : 406910
orange thread ends.
apple a thread ends.
apple b thread ends.
134 : 407872
orange thread ends.
apple a thread ends.
apple b thread ends.
135 : 406090
orange thread ends.
apple a thread ends.
apple b thread ends.
136 : 406518
orange thread ends.
apple a thread ends.
apple b thread ends.
137 : 406910
orange thread ends.
apple a thread ends.
apple b thread ends.
138 : 408627
orange thread ends.
apple a thread ends.
apple b thread ends.
139 : 405443
orange thread ends.
apple a thread ends.
apple b thread ends.
140 : 405659
orange thread ends.
apple a thread ends.
apple b thread ends.
141 : 406086
orange thread ends.
apple a thread ends.
apple b thread ends.
142 : 406659
orange thread ends.
apple a thread ends.
apple b thread ends.
143 : 406204
orange thread ends.
apple a thread ends.
apple b thread ends.
144 : 405760
orange thread ends.
apple a thread ends.
apple b thread ends.
145 : 406025
orange thread ends.
apple a thread ends.
apple b thread ends.
146 : 409565
orange thread ends.
apple a thread ends.
apple b thread ends.
147 : 407201
orange thread ends.
apple b thread ends.
apple a thread ends.
148 : 408094
orange thread ends.
apple a thread ends.
apple b thread ends.
149 : 407049
orange thread ends.
apple a thread ends.
apple b thread ends.
150 : 406299
orange thread ends.
apple a thread ends.
apple b thread ends.
151 : 409365
orange thread ends.
apple a thread ends.
apple b thread ends.
152 : 410004
orange thread ends.
apple a thread ends.
apple b thread ends.
153 : 407668
orange thread ends.
apple a thread ends.
apple b thread ends.
154 : 407074
orange thread ends.
apple a thread ends.
apple b thread ends.
155 : 406729
orange thread ends.
apple a thread ends.
apple b thread ends.
156 : 408627
orange thread ends.
apple a thread ends.
apple b thread ends.
157 : 406114
orange thread ends.
apple a thread ends.
apple b thread ends.
158 : 409097
orange thread ends.
apple a thread ends.
apple b thread ends.
159 : 405963
orange thread ends.
apple a thread ends.
apple b thread ends.
160 : 406260
orange thread ends.
apple a thread ends.
apple b thread ends.
161 : 407771
orange thread ends.
apple a thread ends.
apple b thread ends.
162 : 406829
orange thread ends.
apple a thread ends.
apple b thread ends.
163 : 405912
orange thread ends.
apple a thread ends.
apple b thread ends.
164 : 407851
orange thread ends.
apple a thread ends.
apple b thread ends.
165 : 408566
orange thread ends.
apple a thread ends.
apple b thread ends.
166 : 407880
orange thread ends.
apple a thread ends.
apple b thread ends.
167 : 407454
orange thread ends.
apple a thread ends.
apple b thread ends.
168 : 408568
orange thread ends.
apple a thread ends.
apple b thread ends.
169 : 410821
orange thread ends.
apple a thread ends.
apple b thread ends.
170 : 414364
orange thread ends.
apple a thread ends.
apple b thread ends.
171 : 407849
orange thread ends.
apple a thread ends.
apple b thread ends.
172 : 408777
orange thread ends.
apple a thread ends.
apple b thread ends.
173 : 408057
orange thread ends.
apple a thread ends.
apple b thread ends.
174 : 406075
orange thread ends.
apple a thread ends.
apple b thread ends.
175 : 407325
orange thread ends.
apple a thread ends.
apple b thread ends.
176 : 417155
orange thread ends.
apple a thread ends.
apple b thread ends.
177 : 406263
orange thread ends.
apple a thread ends.
apple b thread ends.
178 : 406871
orange thread ends.
apple a thread ends.
apple b thread ends.
179 : 404944
orange thread ends.
apple a thread ends.
apple b thread ends.
180 : 407208
orange thread ends.
apple a thread ends.
apple b thread ends.
181 : 407421
orange thread ends.
apple a thread ends.
apple b thread ends.
182 : 406095
orange thread ends.
apple a thread ends.
apple b thread ends.
183 : 407312
orange thread ends.
apple a thread ends.
apple b thread ends.
184 : 405970
orange thread ends.
apple a thread ends.
apple b thread ends.
185 : 407242
orange thread ends.
apple a thread ends.
apple b thread ends.
186 : 407947
orange thread ends.
apple a thread ends.
apple b thread ends.
187 : 404893
orange thread ends.
apple a thread ends.
apple b thread ends.
188 : 406689
orange thread ends.
apple a thread ends.
apple b thread ends.
189 : 407995
orange thread ends.
apple a thread ends.
apple b thread ends.
190 : 407559
orange thread ends.
apple a thread ends.
apple b thread ends.
191 : 407338
orange thread ends.
apple a thread ends.
apple b thread ends.
192 : 406654
orange thread ends.
apple a thread ends.
apple b thread ends.
193 : 405982
orange thread ends.
apple a thread ends.
apple b thread ends.
194 : 406238
orange thread ends.
apple a thread ends.
apple b thread ends.
195 : 406835
orange thread ends.
apple a thread ends.
apple b thread ends.
196 : 406917
orange thread ends.
apple a thread ends.
apple b thread ends.
197 : 407249
orange thread ends.
apple a thread ends.
apple b thread ends.
198 : 405551
orange thread ends.
apple a thread ends.
apple b thread ends.
199 : 405469
404893,404944,405008,405180,405352,405443,405463,405469,405474,405501
success
