orange thread ends.
apple b thread ends.
apple a thread ends.
0 : 205851
orange thread ends.
apple a thread ends.
apple b thread ends.
1 : 218935
orange thread ends.
apple b thread ends.
apple a thread ends.
2 : 208379
orange thread ends.
apple a thread ends.
apple b thread ends.
3 : 217215
orange thread ends.
apple b thread ends.
apple a thread ends.
4 : 211641
orange thread ends.
apple b thread ends.
apple a thread ends.
5 : 217002
orange thread ends.
apple b thread ends.
apple a thread ends.
6 : 216098
orange thread ends.
apple b thread ends.
apple a thread ends.
7 : 217566
orange thread ends.
apple b thread ends.
apple a thread ends.
8 : 210987
orange thread ends.
apple a thread ends.
apple b thread ends.
9 : 210034
orange thread ends.
apple b thread ends.
apple a thread ends.
10 : 209198
orange thread ends.
apple a thread ends.
apple b thread ends.
11 : 210843
orange thread ends.
apple b thread ends.
apple a thread ends.
12 : 207478
orange thread ends.
apple b thread ends.
apple a thread ends.
13 : 211738
orange thread ends.
apple b thread ends.
apple a thread ends.
14 : 209028
orange thread ends.
apple a thread ends.
apple b thread ends.
15 : 211517
orange thread ends.
apple b thread ends.
apple a thread ends.
16 : 211148
orange thread ends.
apple b thread ends.
apple a thread ends.
17 : 207032
orange thread ends.
apple b thread ends.
apple a thread ends.
18 : 205918
orange thread ends.
apple b thread ends.
apple a thread ends.
19 : 208260
orange thread ends.
apple b thread ends.
apple a thread ends.
20 : 208378
orange thread ends.
apple b thread ends.
apple a thread ends.
21 : 206555
orange thread ends.
apple b thread ends.
apple a thread ends.
22 : 207685
orange thread ends.
apple b thread ends.
apple a thread ends.
23 : 210553
orange thread ends.
apple a thread ends.
apple b thread ends.
24 : 206744
orange thread ends.
apple b thread ends.
apple a thread ends.
25 : 205976
orange thread ends.
apple b thread ends.
apple a thread ends.
26 : 209682
orange thread ends.
apple b thread ends.
apple a thread ends.
27 : 206793
orange thread ends.
apple a thread ends.
apple b thread ends.
28 : 213874
orange thread ends.
apple b thread ends.
apple a thread ends.
29 : 206856
orange thread ends.
apple b thread ends.
apple a thread ends.
30 : 209422
orange thread ends.
apple a thread ends.
apple b thread ends.
31 : 212379
orange thread ends.
apple b thread ends.
apple a thread ends.
32 : 208207
orange thread ends.
apple b thread ends.
apple a thread ends.
33 : 207145
orange thread ends.
apple b thread ends.
apple a thread ends.
34 : 207857
orange thread ends.
apple b thread ends.
apple a thread ends.
35 : 208695
orange thread ends.
apple b thread ends.
apple a thread ends.
36 : 209946
orange thread ends.
apple b thread ends.
apple a thread ends.
37 : 209458
orange thread ends.
apple b thread ends.
apple a thread ends.
38 : 212373
orange thread ends.
apple b thread ends.
apple a thread ends.
39 : 211357
orange thread ends.
apple b thread ends.
apple a thread ends.
40 : 218616
orange thread ends.
apple b thread ends.
apple a thread ends.
41 : 220527
orange thread ends.
apple b thread ends.
apple a thread ends.
42 : 213187
orange thread ends.
apple a thread ends.
apple b thread ends.
43 : 218743
orange thread ends.
apple b thread ends.
apple a thread ends.
44 : 210667
orange thread ends.
apple a thread ends.
apple b thread ends.
45 : 210791
orange thread ends.
apple a thread ends.
apple b thread ends.
46 : 209719
orange thread ends.
apple b thread ends.
apple a thread ends.
47 : 209183
orange thread ends.
apple b thread ends.
apple a thread ends.
48 : 208881
orange thread ends.
apple a thread ends.
apple b thread ends.
49 : 210145
orange thread ends.
apple b thread ends.
apple a thread ends.
50 : 212932
orange thread ends.
apple a thread ends.
apple b thread ends.
51 : 214341
orange thread ends.
apple b thread ends.
apple a thread ends.
52 : 208308
orange thread ends.
apple a thread ends.
apple b thread ends.
53 : 209601
orange thread ends.
apple b thread ends.
apple a thread ends.
54 : 210017
orange thread ends.
apple a thread ends.
apple b thread ends.
55 : 208350
orange thread ends.
apple b thread ends.
apple a thread ends.
56 : 207760
orange thread ends.
apple b thread ends.
apple a thread ends.
57 : 208620
orange thread ends.
apple b thread ends.
apple a thread ends.
58 : 209546
orange thread ends.
apple a thread ends.
apple b thread ends.
59 : 211592
orange thread ends.
apple b thread ends.
apple a thread ends.
60 : 210336
orange thread ends.
apple b thread ends.
apple a thread ends.
61 : 210783
orange thread ends.
apple a thread ends.
apple b thread ends.
62 : 224748
orange thread ends.
apple a thread ends.
apple b thread ends.
63 : 211286
orange thread ends.
apple b thread ends.
apple a thread ends.
64 : 207360
orange thread ends.
apple b thread ends.
apple a thread ends.
65 : 206678
orange thread ends.
apple b thread ends.
apple a thread ends.
66 : 207584
orange thread ends.
apple b thread ends.
apple a thread ends.
67 : 206962
orange thread ends.
apple b thread ends.
apple a thread ends.
68 : 208381
orange thread ends.
apple b thread ends.
apple a thread ends.
69 : 209861
orange thread ends.
apple a thread ends.
apple b thread ends.
70 : 215815
orange thread ends.
apple a thread ends.
apple b thread ends.
71 : 207978
orange thread ends.
apple b thread ends.
apple a thread ends.
72 : 208026
orange thread ends.
apple b thread ends.
apple a thread ends.
73 : 207203
orange thread ends.
apple b thread ends.
apple a thread ends.
74 : 206515
orange thread ends.
apple b thread ends.
apple a thread ends.
75 : 210107
orange thread ends.
apple a thread ends.
apple b thread ends.
76 : 204754
orange thread ends.
apple b thread ends.
apple a thread ends.
77 : 205688
orange thread ends.
apple b thread ends.
apple a thread ends.
78 : 206851
orange thread ends.
apple b thread ends.
apple a thread ends.
79 : 206047
orange thread ends.
apple b thread ends.
apple a thread ends.
80 : 206443
orange thread ends.
apple b thread ends.
apple a thread ends.
81 : 207129
orange thread ends.
apple b thread ends.
apple a thread ends.
82 : 208608
orange thread ends.
apple a thread ends.
apple b thread ends.
83 : 211114
orange thread ends.
apple b thread ends.
apple a thread ends.
84 : 210024
orange thread ends.
apple b thread ends.
apple a thread ends.
85 : 217341
orange thread ends.
apple a thread ends.
apple b thread ends.
86 : 217957
orange thread ends.
apple b thread ends.
apple a thread ends.
87 : 209349
orange thread ends.
apple b thread ends.
apple a thread ends.
88 : 213580
orange thread ends.
apple b thread ends.
apple a thread ends.
89 : 219804
orange thread ends.
apple a thread ends.
apple b thread ends.
90 : 209061
orange thread ends.
apple b thread ends.
apple a thread ends.
91 : 210239
orange thread ends.
apple b thread ends.
apple a thread ends.
92 : 205824
orange thread ends.
apple b thread ends.
apple a thread ends.
93 : 206597
orange thread ends.
apple a thread ends.
apple b thread ends.
94 : 213516
orange thread ends.
apple a thread ends.
apple b thread ends.
95 : 208284
orange thread ends.
apple b thread ends.
apple a thread ends.
96 : 211630
orange thread ends.
apple b thread ends.
apple a thread ends.
97 : 208753
orange thread ends.
apple b thread ends.
apple a thread ends.
98 : 209298
orange thread ends.
apple a thread ends.
apple b thread ends.
99 : 210335
orange thread ends.
apple b thread ends.
apple a thread ends.
100 : 212917
orange thread ends.
apple b thread ends.
apple a thread ends.
101 : 209344
orange thread ends.
apple a thread ends.
apple b thread ends.
102 : 213036
orange thread ends.
apple b thread ends.
apple a thread ends.
103 : 207239
orange thread ends.
apple a thread ends.
apple b thread ends.
104 : 212252
orange thread ends.
apple a thread ends.
apple b thread ends.
105 : 210413
orange thread ends.
apple b thread ends.
apple a thread ends.
106 : 208085
orange thread ends.
apple b thread ends.
apple a thread ends.
107 : 208888
orange thread ends.
apple b thread ends.
apple a thread ends.
108 : 209077
orange thread ends.
apple b thread ends.
apple a thread ends.
109 : 211839
orange thread ends.
apple b thread ends.
apple a thread ends.
110 : 207634
orange thread ends.
apple a thread ends.
apple b thread ends.
111 : 223216
orange thread ends.
apple b thread ends.
apple a thread ends.
112 : 214085
orange thread ends.
apple b thread ends.
apple a thread ends.
113 : 211582
orange thread ends.
apple a thread ends.
apple b thread ends.
114 : 210237
orange thread ends.
apple a thread ends.
apple b thread ends.
115 : 215420
orange thread ends.
apple b thread ends.
apple a thread ends.
116 : 213137
orange thread ends.
apple a thread ends.
apple b thread ends.
117 : 216862
orange thread ends.
apple b thread ends.
apple a thread ends.
118 : 214192
orange thread ends.
apple a thread ends.
apple b thread ends.
119 : 210650
orange thread ends.
apple b thread ends.
apple a thread ends.
120 : 208503
orange thread ends.
apple b thread ends.
apple a thread ends.
121 : 204798
orange thread ends.
apple b thread ends.
apple a thread ends.
122 : 209625
orange thread ends.
apple b thread ends.
apple a thread ends.
123 : 207368
orange thread ends.
apple b thread ends.
apple a thread ends.
124 : 212530
orange thread ends.
apple a thread ends.
apple b thread ends.
125 : 210863
orange thread ends.
apple b thread ends.
apple a thread ends.
126 : 213107
orange thread ends.
apple b thread ends.
apple a thread ends.
127 : 211548
orange thread ends.
apple b thread ends.
apple a thread ends.
128 : 211443
orange thread ends.
apple b thread ends.
apple a thread ends.
129 : 205118
orange thread ends.
apple b thread ends.
apple a thread ends.
130 : 208900
orange thread ends.
apple a thread ends.
apple b thread ends.
131 : 208900
orange thread ends.
apple a thread ends.
apple b thread ends.
132 : 210698
orange thread ends.
apple a thread ends.
apple b thread ends.
133 : 209363
orange thread ends.
apple b thread ends.
apple a thread ends.
134 : 209320
orange thread ends.
apple b thread ends.
apple a thread ends.
135 : 209428
orange thread ends.
apple b thread ends.
apple a thread ends.
136 : 208665
orange thread ends.
apple a thread ends.
apple b thread ends.
137 : 210980
orange thread ends.
apple b thread ends.
apple a thread ends.
138 : 209121
orange thread ends.
apple b thread ends.
apple a thread ends.
139 : 207337
orange thread ends.
apple b thread ends.
apple a thread ends.
140 : 212378
orange thread ends.
apple a thread ends.
apple b thread ends.
141 : 206465
orange thread ends.
apple a thread ends.
apple b thread ends.
142 : 204955
orange thread ends.
apple b thread ends.
apple a thread ends.
143 : 207761
orange thread ends.
apple b thread ends.
apple a thread ends.
144 : 206813
orange thread ends.
apple b thread ends.
apple a thread ends.
145 : 206369
orange thread ends.
apple b thread ends.
apple a thread ends.
146 : 211087
orange thread ends.
apple b thread ends.
apple a thread ends.
147 : 206025
orange thread ends.
apple b thread ends.
apple a thread ends.
148 : 210424
orange thread ends.
apple a thread ends.
apple b thread ends.
149 : 210535
orange thread ends.
apple b thread ends.
apple a thread ends.
150 : 208375
orange thread ends.
apple b thread ends.
apple a thread ends.
151 : 210154
orange thread ends.
apple b thread ends.
apple a thread ends.
152 : 208066
orange thread ends.
apple a thread ends.
apple b thread ends.
153 : 215574
orange thread ends.
apple b thread ends.
apple a thread ends.
154 : 207384
orange thread ends.
apple b thread ends.
apple a thread ends.
155 : 207980
orange thread ends.
apple b thread ends.
apple a thread ends.
156 : 210536
orange thread ends.
apple a thread ends.
apple b thread ends.
157 : 213666
orange thread ends.
apple b thread ends.
apple a thread ends.
158 : 207504
orange thread ends.
apple b thread ends.
apple a thread ends.
159 : 211189
orange thread ends.
apple a thread ends.
apple b thread ends.
160 : 210724
orange thread ends.
apple a thread ends.
apple b thread ends.
161 : 212072
orange thread ends.
apple b thread ends.
apple a thread ends.
162 : 208105
orange thread ends.
apple b thread ends.
apple a thread ends.
163 : 205888
orange thread ends.
apple b thread ends.
apple a thread ends.
164 : 208092
orange thread ends.
apple b thread ends.
apple a thread ends.
165 : 208561
orange thread ends.
apple b thread ends.
apple a thread ends.
166 : 205971
orange thread ends.
apple b thread ends.
apple a thread ends.
167 : 208028
orange thread ends.
apple a thread ends.
apple b thread ends.
168 : 212479
orange thread ends.
apple b thread ends.
apple a thread ends.
169 : 209172
orange thread ends.
apple a thread ends.
apple b thread ends.
170 : 216365
orange thread ends.
apple b thread ends.
apple a thread ends.
171 : 206883
orange thread ends.
apple b thread ends.
apple a thread ends.
172 : 214249
orange thread ends.
apple a thread ends.
apple b thread ends.
173 : 211780
orange thread ends.
apple a thread ends.
apple b thread ends.
174 : 213357
orange thread ends.
apple a thread ends.
apple b thread ends.
175 : 216628
orange thread ends.
apple b thread ends.
apple a thread ends.
176 : 213614
orange thread ends.
apple b thread ends.
apple a thread ends.
177 : 208225
orange thread ends.
apple b thread ends.
apple a thread ends.
178 : 208012
orange thread ends.
apple a thread ends.
apple b thread ends.
179 : 229088
orange thread ends.
apple a thread ends.
apple b thread ends.
180 : 219139
orange thread ends.
apple b thread ends.
apple a thread ends.
181 : 207908
orange thread ends.
apple b thread ends.
apple a thread ends.
182 : 211356
orange thread ends.
apple b thread ends.
apple a thread ends.
183 : 221694
orange thread ends.
apple a thread ends.
apple b thread ends.
184 : 222615
orange thread ends.
apple b thread ends.
apple a thread ends.
185 : 218235
orange thread ends.
apple a thread ends.
apple b thread ends.
186 : 216816
orange thread ends.
apple b thread ends.
apple a thread ends.
187 : 209560
orange thread ends.
apple b thread ends.
apple a thread ends.
188 : 213384
orange thread ends.
apple b thread ends.
apple a thread ends.
189 : 215725
orange thread ends.
apple b thread ends.
apple a thread ends.
190 : 214412
orange thread ends.
apple b thread ends.
apple a thread ends.
191 : 215832
orange thread ends.
apple a thread ends.
apple b thread ends.
192 : 214090
orange thread ends.
apple b thread ends.
apple a thread ends.
193 : 210102
orange thread ends.
apple b thread ends.
apple a thread ends.
194 : 212949
orange thread ends.
apple b thread ends.
apple a thread ends.
195 : 214935
orange thread ends.
apple b thread ends.
apple a thread ends.
196 : 212187
orange thread ends.
apple a thread ends.
apple b thread ends.
197 : 219200
orange thread ends.
apple a thread ends.
apple b thread ends.
198 : 210529
orange thread ends.
apple a thread ends.
apple b thread ends.
199 : 210632
204754,204798,204955,205118,205688,205824,205851,205888,205918,205971
success
