orange thread ends.
apple b thread ends.
apple a thread ends.
0 : 222548
orange thread ends.
apple b thread ends.
apple a thread ends.
1 : 215719
orange thread ends.
apple b thread ends.
apple a thread ends.
2 : 219627
orange thread ends.
apple b thread ends.
apple a thread ends.
3 : 218222
orange thread ends.
apple b thread ends.
apple a thread ends.
4 : 220572
orange thread ends.
apple b thread ends.
apple a thread ends.
5 : 228829
orange thread ends.
apple b thread ends.
apple a thread ends.
6 : 228204
orange thread ends.
apple b thread ends.
apple a thread ends.
7 : 222945
orange thread ends.
apple b thread ends.
apple a thread ends.
8 : 222237
orange thread ends.
apple b thread ends.
apple a thread ends.
9 : 221031
orange thread ends.
apple b thread ends.
apple a thread ends.
10 : 214681
orange thread ends.
apple b thread ends.
apple a thread ends.
11 : 221599
orange thread ends.
apple b thread ends.
apple a thread ends.
12 : 217338
orange thread ends.
apple b thread ends.
apple a thread ends.
13 : 221324
orange thread ends.
apple b thread ends.
apple a thread ends.
14 : 217982
orange thread ends.
apple b thread ends.
apple a thread ends.
15 : 220232
orange thread ends.
apple b thread ends.
apple a thread ends.
16 : 222135
orange thread ends.
apple b thread ends.
apple a thread ends.
17 : 219523
orange thread ends.
apple b thread ends.
apple a thread ends.
18 : 218256
orange thread ends.
apple b thread ends.
apple a thread ends.
19 : 222206
orange thread ends.
apple b thread ends.
apple a thread ends.
20 : 218559
orange thread ends.
apple b thread ends.
apple a thread ends.
21 : 222602
orange thread ends.
apple b thread ends.
apple a thread ends.
22 : 222259
orange thread ends.
apple b thread ends.
apple a thread ends.
23 : 219532
orange thread ends.
apple b thread ends.
apple a thread ends.
24 : 220451
orange thread ends.
apple b thread ends.
apple a thread ends.
25 : 219246
orange thread ends.
apple b thread ends.
apple a thread ends.
26 : 217659
orange thread ends.
apple b thread ends.
apple a thread ends.
27 : 219996
orange thread ends.
apple b thread ends.
apple a thread ends.
28 : 216057
orange thread ends.
apple b thread ends.
apple a thread ends.
29 : 214608
orange thread ends.
apple b thread ends.
apple a thread ends.
30 : 220581
orange thread ends.
apple b thread ends.
apple a thread ends.
31 : 215655
orange thread ends.
apple b thread ends.
apple a thread ends.
32 : 221043
orange thread ends.
apple b thread ends.
apple a thread ends.
33 : 220028
orange thread ends.
apple b thread ends.
apple a thread ends.
34 : 215597
orange thread ends.
apple b thread ends.
apple a thread ends.
35 : 221157
orange thread ends.
apple b thread ends.
apple a thread ends.
36 : 221505
orange thread ends.
apple b thread ends.
apple a thread ends.
37 : 222404
orange thread ends.
apple b thread ends.
apple a thread ends.
38 : 218953
orange thread ends.
apple b thread ends.
apple a thread ends.
39 : 220550
orange thread ends.
apple b thread ends.
apple a thread ends.
40 : 221569
orange thread ends.
apple b thread ends.
apple a thread ends.
41 : 222779
orange thread ends.
apple b thread ends.
apple a thread ends.
42 : 215659
orange thread ends.
apple b thread ends.
apple a thread ends.
43 : 218708
orange thread ends.
apple b thread ends.
apple a thread ends.
44 : 220562
orange thread ends.
apple b thread ends.
apple a thread ends.
45 : 215797
orange thread ends.
apple b thread ends.
apple a thread ends.
46 : 220433
orange thread ends.
apple b thread ends.
apple a thread ends.
47 : 220273
orange thread ends.
apple b thread ends.
apple a thread ends.
48 : 219374
orange thread ends.
apple b thread ends.
apple a thread ends.
49 : 221736
orange thread ends.
apple b thread ends.
apple a thread ends.
50 : 219057
orange thread ends.
apple b thread ends.
apple a thread ends.
51 : 221313
orange thread ends.
apple b thread ends.
apple a thread ends.
52 : 218714
orange thread ends.
apple b thread ends.
apple a thread ends.
53 : 219162
orange thread ends.
apple b thread ends.
apple a thread ends.
54 : 219283
orange thread ends.
apple a thread ends.
apple b thread ends.
55 : 227989
orange thread ends.
apple b thread ends.
apple a thread ends.
56 : 221986
orange thread ends.
apple b thread ends.
apple a thread ends.
57 : 220341
orange thread ends.
apple b thread ends.
apple a thread ends.
58 : 218471
orange thread ends.
apple b thread ends.
apple a thread ends.
59 : 221368
orange thread ends.
apple b thread ends.
apple a thread ends.
60 : 220012
orange thread ends.
apple b thread ends.
apple a thread ends.
61 : 218780
orange thread ends.
apple b thread ends.
apple a thread ends.
62 : 217899
orange thread ends.
apple b thread ends.
apple a thread ends.
63 : 217694
orange thread ends.
apple b thread ends.
apple a thread ends.
64 : 220847
orange thread ends.
apple b thread ends.
apple a thread ends.
65 : 220322
orange thread ends.
apple b thread ends.
apple a thread ends.
66 : 216735
orange thread ends.
apple b thread ends.
apple a thread ends.
67 : 221762
orange thread ends.
apple b thread ends.
apple a thread ends.
68 : 219568
orange thread ends.
apple b thread ends.
apple a thread ends.
69 : 218582
orange thread ends.
apple b thread ends.
apple a thread ends.
70 : 218611
orange thread ends.
apple b thread ends.
apple a thread ends.
71 : 219476
orange thread ends.
apple b thread ends.
apple a thread ends.
72 : 221326
orange thread ends.
apple b thread ends.
apple a thread ends.
73 : 221196
orange thread ends.
apple b thread ends.
apple a thread ends.
74 : 223040
orange thread ends.
apple b thread ends.
apple a thread ends.
75 : 223698
orange thread ends.
apple b thread ends.
apple a thread ends.
76 : 224317
orange thread ends.
apple b thread ends.
apple a thread ends.
77 : 219363
orange thread ends.
apple b thread ends.
apple a thread ends.
78 : 221286
orange thread ends.
apple b thread ends.
apple a thread ends.
79 : 221599
orange thread ends.
apple b thread ends.
apple a thread ends.
80 : 222673
orange thread ends.
apple b thread ends.
apple a thread ends.
81 : 219795
orange thread ends.
apple b thread ends.
apple a thread ends.
82 : 217979
orange thread ends.
apple b thread ends.
apple a thread ends.
83 : 222195
orange thread ends.
apple b thread ends.
apple a thread ends.
84 : 221600
orange thread ends.
apple b thread ends.
apple a thread ends.
85 : 220850
orange thread ends.
apple b thread ends.
apple a thread ends.
86 : 226258
orange thread ends.
apple b thread ends.
apple a thread ends.
87 : 219351
orange thread ends.
apple b thread ends.
apple a thread ends.
88 : 222056
orange thread ends.
apple b thread ends.
apple a thread ends.
89 : 220784
orange thread ends.
apple b thread ends.
apple a thread ends.
90 : 220688
orange thread ends.
apple b thread ends.
apple a thread ends.
91 : 220266
orange thread ends.
apple b thread ends.
apple a thread ends.
92 : 218605
orange thread ends.
apple b thread ends.
apple a thread ends.
93 : 218992
orange thread ends.
apple b thread ends.
apple a thread ends.
94 : 219308
orange thread ends.
apple b thread ends.
apple a thread ends.
95 : 221485
orange thread ends.
apple b thread ends.
apple a thread ends.
96 : 219845
orange thread ends.
apple b thread ends.
apple a thread ends.
97 : 217712
orange thread ends.
apple b thread ends.
apple a thread ends.
98 : 216535
orange thread ends.
apple b thread ends.
apple a thread ends.
99 : 218194
orange thread ends.
apple b thread ends.
apple a thread ends.
100 : 220702
orange thread ends.
apple b thread ends.
apple a thread ends.
101 : 216196
orange thread ends.
apple b thread ends.
apple a thread ends.
102 : 220224
orange thread ends.
apple b thread ends.
apple a thread ends.
103 : 219027
orange thread ends.
apple b thread ends.
apple a thread ends.
104 : 221282
orange thread ends.
apple b thread ends.
apple a thread ends.
105 : 215250
orange thread ends.
apple b thread ends.
apple a thread ends.
106 : 221662
orange thread ends.
apple b thread ends.
apple a thread ends.
107 : 224012
orange thread ends.
apple b thread ends.
apple a thread ends.
108 : 223591
orange thread ends.
apple b thread ends.
apple a thread ends.
109 : 221783
orange thread ends.
apple b thread ends.
apple a thread ends.
110 : 223467
orange thread ends.
apple b thread ends.
apple a thread ends.
111 : 221690
orange thread ends.
apple b thread ends.
apple a thread ends.
112 : 219420
orange thread ends.
apple b thread ends.
apple a thread ends.
113 : 214751
orange thread ends.
apple b thread ends.
apple a thread ends.
114 : 215505
orange thread ends.
apple b thread ends.
apple a thread ends.
115 : 220595
orange thread ends.
apple b thread ends.
apple a thread ends.
116 : 220008
orange thread ends.
apple b thread ends.
apple a thread ends.
117 : 221594
orange thread ends.
apple b thread ends.
apple a thread ends.
118 : 221750
orange thread ends.
apple b thread ends.
apple a thread ends.
119 : 221512
orange thread ends.
apple b thread ends.
apple a thread ends.
120 : 221726
orange thread ends.
apple b thread ends.
apple a thread ends.
121 : 222540
orange thread ends.
apple b thread ends.
apple a thread ends.
122 : 220103
orange thread ends.
apple b thread ends.
apple a thread ends.
123 : 217859
orange thread ends.
apple b thread ends.
apple a thread ends.
124 : 220667
orange thread ends.
apple b thread ends.
apple a thread ends.
125 : 220791
orange thread ends.
apple b thread ends.
apple a thread ends.
126 : 216244
orange thread ends.
apple b thread ends.
apple a thread ends.
127 : 221645
orange thread ends.
apple b thread ends.
apple a thread ends.
128 : 221849
orange thread ends.
apple b thread ends.
apple a thread ends.
129 : 220035
orange thread ends.
apple b thread ends.
apple a thread ends.
130 : 219138
orange thread ends.
apple b thread ends.
apple a thread ends.
131 : 219854
orange thread ends.
apple b thread ends.
apple a thread ends.
132 : 221460
orange thread ends.
apple b thread ends.
apple a thread ends.
133 : 216606
orange thread ends.
apple b thread ends.
apple a thread ends.
134 : 219397
orange thread ends.
apple b thread ends.
apple a thread ends.
135 : 218446
orange thread ends.
apple b thread ends.
apple a thread ends.
136 : 215569
orange thread ends.
apple b thread ends.
apple a thread ends.
137 : 221749
orange thread ends.
apple b thread ends.
apple a thread ends.
138 : 215778
orange thread ends.
apple b thread ends.
apple a thread ends.
139 : 223945
orange thread ends.
apple b thread ends.
apple a thread ends.
140 : 217680
orange thread ends.
apple b thread ends.
apple a thread ends.
141 : 219867
orange thread ends.
apple b thread ends.
apple a thread ends.
142 : 218544
orange thread ends.
apple b thread ends.
apple a thread ends.
143 : 219385
orange thread ends.
apple b thread ends.
apple a thread ends.
144 : 220487
orange thread ends.
apple b thread ends.
apple a thread ends.
145 : 221986
orange thread ends.
apple b thread ends.
apple a thread ends.
146 : 218561
orange thread ends.
apple b thread ends.
apple a thread ends.
147 : 220555
orange thread ends.
apple b thread ends.
apple a thread ends.
148 : 219294
orange thread ends.
apple b thread ends.
apple a thread ends.
149 : 213961
orange thread ends.
apple b thread ends.
apple a thread ends.
150 : 219457
orange thread ends.
apple b thread ends.
apple a thread ends.
151 : 219509
orange thread ends.
apple b thread ends.
apple a thread ends.
152 : 214926
orange thread ends.
apple b thread ends.
apple a thread ends.
153 : 221173
orange thread ends.
apple b thread ends.
apple a thread ends.
154 : 216697
orange thread ends.
apple b thread ends.
apple a thread ends.
155 : 221213
orange thread ends.
apple b thread ends.
apple a thread ends.
156 : 222064
orange thread ends.
apple b thread ends.
apple a thread ends.
157 : 221172
orange thread ends.
apple b thread ends.
apple a thread ends.
158 : 220331
orange thread ends.
apple b thread ends.
apple a thread ends.
159 : 219556
orange thread ends.
apple b thread ends.
apple a thread ends.
160 : 220484
orange thread ends.
apple b thread ends.
apple a thread ends.
161 : 220167
orange thread ends.
apple b thread ends.
apple a thread ends.
162 : 219807
orange thread ends.
apple b thread ends.
apple a thread ends.
163 : 219014
orange thread ends.
apple b thread ends.
apple a thread ends.
164 : 217761
orange thread ends.
apple b thread ends.
apple a thread ends.
165 : 220331
orange thread ends.
apple b thread ends.
apple a thread ends.
166 : 217155
orange thread ends.
apple b thread ends.
apple a thread ends.
167 : 218841
orange thread ends.
apple b thread ends.
apple a thread ends.
168 : 218589
orange thread ends.
apple b thread ends.
apple a thread ends.
169 : 222090
orange thread ends.
apple b thread ends.
apple a thread ends.
170 : 215188
orange thread ends.
apple b thread ends.
apple a thread ends.
171 : 217575
orange thread ends.
apple b thread ends.
apple a thread ends.
172 : 218386
orange thread ends.
apple b thread ends.
apple a thread ends.
173 : 222786
orange thread ends.
apple b thread ends.
apple a thread ends.
174 : 218526
orange thread ends.
apple b thread ends.
apple a thread ends.
175 : 220044
orange thread ends.
apple b thread ends.
apple a thread ends.
176 : 217534
orange thread ends.
apple b thread ends.
apple a thread ends.
177 : 222105
orange thread ends.
apple b thread ends.
apple a thread ends.
178 : 218970
orange thread ends.
apple b thread ends.
apple a thread ends.
179 : 218105
orange thread ends.
apple b thread ends.
apple a thread ends.
180 : 216092
orange thread ends.
apple b thread ends.
apple a thread ends.
181 : 221630
orange thread ends.
apple b thread ends.
apple a thread ends.
182 : 221652
orange thread ends.
apple b thread ends.
apple a thread ends.
183 : 219974
orange thread ends.
apple b thread ends.
apple a thread ends.
184 : 221048
orange thread ends.
apple b thread ends.
apple a thread ends.
185 : 223379
orange thread ends.
apple b thread ends.
apple a thread ends.
186 : 221932
orange thread ends.
apple b thread ends.
apple a thread ends.
187 : 218595
orange thread ends.
apple b thread ends.
apple a thread ends.
188 : 221740
orange thread ends.
apple b thread ends.
apple a thread ends.
189 : 221252
orange thread ends.
apple b thread ends.
apple a thread ends.
190 : 221646
orange thread ends.
apple b thread ends.
apple a thread ends.
191 : 222132
orange thread ends.
apple b thread ends.
apple a thread ends.
192 : 218699
orange thread ends.
apple b thread ends.
apple a thread ends.
193 : 217016
orange thread ends.
apple b thread ends.
apple a thread ends.
194 : 213797
orange thread ends.
apple b thread ends.
apple a thread ends.
195 : 220685
orange thread ends.
apple b thread ends.
apple a thread ends.
196 : 215718
orange thread ends.
apple b thread ends.
apple a thread ends.
197 : 222033
orange thread ends.
apple b thread ends.
apple a thread ends.
198 : 220544
orange thread ends.
apple a thread ends.
apple b thread ends.
199 : 218959
213797,213961,214608,214681,214751,214926,215188,215250,215505,215569
success
